[    0.0s] loading dataset: /home/shawn/Code/inscriptions/archive/data-2026-04-22/LIRE_v3-0.parquet
[    0.2s]   shape = (182853, 63)
[    0.2s] validating schema
[    0.2s]   schema cols = 66, parquet cols = 63
[    0.2s]   schema-only columns (flag-and-continue): ['is_geotemporal', 'is_within_RE', 'material_EDCS']
[    0.2s] deriving date_range + letter_count
[    0.2s]   negative date range count = 0
[    0.2s] computing subset-level profiles at all thresholds
[   84.5s]   subset-summary rows = 40
[   84.5s] computing non-temporal artefact checks
[   85.0s]   negative_date_range = 0
[   85.0s]   temporal_outliers (not_after>350) = 32615
[   85.0s]   duplicate_rows (LIST-ID) = 0
[   85.0s] running midpoint-inflation aoristic MC test
[  104.1s] running editorial-spikes aoristic MC test (not_before)
[  129.6s] running editorial-spikes aoristic MC test (not_after)
[  155.0s] computing distribution shape
[  155.3s] computing concentration / categorical / correlations / null-cooccur
[  155.9s] computing temporal coverage (aoristic curve)
[  156.0s] running drill-downs
[  338.6s] running sensitivity sweep
[  338.6s] computing Cliff's delta + Vargha-Delaney on province date_range
[  338.6s] writing markdown outputs
[  338.7s] emitting decisions.md entries
[  338.7s] claims: 1305
[  338.7s] total runtime = 5.64 minutes
